<?xml version="1.0" encoding="UTF-8"?>
<!-- Generated by org.testng.reporters.JUnitXMLReporter -->
<testsuite ignored="1" hostname="DESKTOP-F3VV990" failures="0" tests="1" name="Default test2" time="20.991" errors="0" timestamp="2023-03-31T12:10:00 IST">
  <testcase classname="com.javalaya.maven_pageobjectmodel_snapdeal.testrunner.Snapdeal_Testrunner4" name="verifysecondTest" time="15.246"/>
  <testcase classname="com.javalaya.maven_pageobjectmodel_snapdeal.testrunner.Snapdeal_Testrunner4" name="verifyfirsttest" time="0.0">
    <ignored/>
  </testcase> <!-- verifyfirsttest -->
</testsuite> <!-- Default test2 -->
