<?xml version="1.0" encoding="UTF-8"?>
<!-- Generated by org.testng.reporters.JUnitXMLReporter -->
<testsuite ignored="1" hostname="DESKTOP-F3VV990" failures="0" tests="1" name="Default test" time="10.001" errors="0" timestamp="2023-05-03T11:14:00 IST">
  <testcase classname="com.javalaya.maven_pageobjectmodel_snapdeal.testrunner.Snapdeal_Testrunner4" name="verifyfirsttest" time="5.327"/>
  <testcase classname="com.javalaya.maven_pageobjectmodel_snapdeal.testrunner.Snapdeal_Testrunner4" name="verifysecondTest" time="0.0">
    <ignored/>
  </testcase> <!-- verifysecondTest -->
</testsuite> <!-- Default test -->
