<?xml version="1.0" encoding="UTF-8"?>
<testng-results ignored="1" total="2" passed="1" failed="0" skipped="0">
  <reporter-output>
  </reporter-output>
  <suite started-at="2023-05-03T11:13:50 IST" name="Default suite" finished-at="2023-05-03T11:14:00 IST" duration-ms="10001">
    <groups>
      <group name="high">
        <method signature="Snapdeal_Testrunner4.verifyfirsttest()[pri:0, instance:com.javalaya.maven_pageobjectmodel_snapdeal.testrunner.Snapdeal_Testrunner4@68c9133c]" name="verifyfirsttest" class="com.javalaya.maven_pageobjectmodel_snapdeal.testrunner.Snapdeal_Testrunner4"/>
      </group> <!-- high -->
    </groups>
    <test started-at="2023-05-03T11:13:50 IST" name="Default test" finished-at="2023-05-03T11:14:00 IST" duration-ms="10001">
      <class name="com.javalaya.maven_pageobjectmodel_snapdeal.testrunner.Snapdeal_Testrunner4">
        <test-method is-config="true" signature="loadData()[pri:0, instance:com.javalaya.maven_pageobjectmodel_snapdeal.testrunner.Snapdeal_Testrunner4@68c9133c]" started-at="2023-05-03T11:13:50 IST" name="loadData" finished-at="2023-05-03T11:13:50 IST" duration-ms="16" status="PASS">
          <reporter-output>
          </reporter-output>
        </test-method> <!-- loadData -->
        <test-method is-config="true" signature="readPro(java.lang.String)[pri:0, instance:com.javalaya.maven_pageobjectmodel_snapdeal.testrunner.Snapdeal_Testrunner4@68c9133c]" started-at="2023-05-03T11:13:50 IST" name="readPro" finished-at="2023-05-03T11:13:50 IST" duration-ms="0" status="PASS">
          <params>
            <param index="0">
              <value>
                <![CDATA[chrome]]>
              </value>
            </param>
          </params>
          <reporter-output>
          </reporter-output>
        </test-method> <!-- readPro -->
        <test-method is-config="true" signature="openUrl()[pri:0, instance:com.javalaya.maven_pageobjectmodel_snapdeal.testrunner.Snapdeal_Testrunner4@68c9133c]" started-at="2023-05-03T11:13:50 IST" name="openUrl" finished-at="2023-05-03T11:13:54 IST" duration-ms="4210" status="PASS">
          <reporter-output>
          </reporter-output>
        </test-method> <!-- openUrl -->
        <test-method signature="verifyfirsttest()[pri:0, instance:com.javalaya.maven_pageobjectmodel_snapdeal.testrunner.Snapdeal_Testrunner4@68c9133c]" started-at="2023-05-03T11:13:54 IST" name="verifyfirsttest" finished-at="2023-05-03T11:14:00 IST" duration-ms="5327" status="PASS">
          <reporter-output>
          </reporter-output>
        </test-method> <!-- verifyfirsttest -->
        <test-method is-config="true" signature="close()[pri:0, instance:com.javalaya.maven_pageobjectmodel_snapdeal.testrunner.Snapdeal_Testrunner4@68c9133c]" started-at="2023-05-03T11:14:00 IST" name="close" finished-at="2023-05-03T11:14:00 IST" duration-ms="254" status="PASS">
          <reporter-output>
          </reporter-output>
        </test-method> <!-- close -->
      </class> <!-- com.javalaya.maven_pageobjectmodel_snapdeal.testrunner.Snapdeal_Testrunner4 -->
    </test> <!-- Default test -->
  </suite> <!-- Default suite -->
</testng-results>
